Using pre-set license
Built from '2020.3/staging' branch; Version is '2020.3.0f1 (c7b5465681fb) revision 13088070'; Using compiler version '192528614'; Build Type 'Release'
OS: 'Windows 10 Home; OS build 19043.1110; Version 2009; 64bit' Language: 'ko' Physical Memory: 16315 MB
BatchMode: 1, IsHumanControllingUs: 0, StartBugReporterOnCrash: 0, Is64bit: 1, IsPro: 0

 COMMAND LINE ARGUMENTS:
C:\Program Files\Unity\Hub\Editor\2020.3.0f1\Editor\Unity.exe
-adb2
-batchMode
-noUpm
-name
AssetImportWorker0
-projectPath
C:/Workspace/unity_projects/unity_study/dino_runner
-logFile
Logs/AssetImportWorker0.log
-srvPort
56022
Successfully changed project path to: C:/Workspace/unity_projects/unity_study/dino_runner
C:/Workspace/unity_projects/unity_study/dino_runner
Using Asset Import Pipeline V2.
Refreshing native plugins compatible for Editor in 41.45 ms, found 1 plugins.
Preloading 0 native plugins for Editor in 0.00 ms.
Initialize engine version: 2020.3.0f1 (c7b5465681fb)
[Subsystems] Discovering subsystems at path C:/Program Files/Unity/Hub/Editor/2020.3.0f1/Editor/Data/Resources/UnitySubsystems
[Subsystems] Discovering subsystems at path C:/Workspace/unity_projects/unity_study/dino_runner/Assets
GfxDevice: creating device client; threaded=0
Direct3D:
    Version:  Direct3D 11.0 [level 11.1]
    Renderer: NVIDIA GeForce GTX 1660 (ID=0x2184)
    Vendor:   
    VRAM:     5991 MB
    Driver:   30.0.14.7111
Initialize mono
Mono path[0] = 'C:/Program Files/Unity/Hub/Editor/2020.3.0f1/Editor/Data/Managed'
Mono path[1] = 'C:/Program Files/Unity/Hub/Editor/2020.3.0f1/Editor/Data/MonoBleedingEdge/lib/mono/unityjit'
Mono config path = 'C:/Program Files/Unity/Hub/Editor/2020.3.0f1/Editor/Data/MonoBleedingEdge/etc'
Using monoOptions --debugger-agent=transport=dt_socket,embedding=1,server=y,suspend=n,address=127.0.0.1:56324
Begin MonoManager ReloadAssembly
Registering precompiled unity dll's ...
Register platform support module: C:/Program Files/Unity/Hub/Editor/2020.3.0f1/Editor/Data/PlaybackEngines/WindowsStandaloneSupport/UnityEditor.WindowsStandalone.Extensions.dll
Registered in 0.002799 seconds.
Native extension for WindowsStandalone target not found
Refreshing native plugins compatible for Editor in 39.18 ms, found 1 plugins.
Preloading 0 native plugins for Editor in 0.00 ms.
Invoked RoslynAnalysisRunner static constructor.
RoslynAnalysisRunner will not be running.
RoslynAnalysisRunner has terminated.
Mono: successfully reloaded assembly
- Completed reload, in  1.340 seconds
Platform modules already initialized, skipping
Registering precompiled user dll's ...
Registered in 0.001049 seconds.
Begin MonoManager ReloadAssembly
Native extension for WindowsStandalone target not found
Refreshing native plugins compatible for Editor in 42.46 ms, found 1 plugins.
Preloading 0 native plugins for Editor in 0.00 ms.
Invoked RoslynAnalysisRunner static constructor.
RoslynAnalysisRunner will not be running.
RoslynAnalysisRunner has terminated.
Mono: successfully reloaded assembly
- Completed reload, in  1.153 seconds
Platform modules already initialized, skipping
========================================================================
Worker process is ready to serve import requests
Launched and connected shader compiler UnityShaderCompiler.exe after 0.05 seconds
Refreshing native plugins compatible for Editor in 0.74 ms, found 1 plugins.
Preloading 0 native plugins for Editor in 0.00 ms.
Unloading 1823 Unused Serialized files (Serialized files now loaded: 0)
System memory in use before: 89.2 MB.
System memory in use after: 89.2 MB.

Unloading 24 unused Assets to reduce memory usage. Loaded Objects now: 2267.
Total: 2.306400 ms (FindLiveObjects: 0.243500 ms CreateObjectMapping: 0.044100 ms MarkObjects: 1.845000 ms  DeleteObjects: 0.172400 ms)

========================================================================
Received Import Request.
  path: Assets/Scripts/dino.cs
  artifactKey: Guid(e71a95aa96f44544eabd9538ff28b775) Importer(815301076,1909f56bfc062723c751e8b465ee728b)
Start importing Assets/Scripts/dino.cs using Guid(e71a95aa96f44544eabd9538ff28b775) Importer(815301076,1909f56bfc062723c751e8b465ee728b)  -> (artifact id: 'ec9389df3c1eb18aab6c749dc5a43e3f') in 0.027752 seconds
  Import took 0.031501 seconds .

========================================================================
Received Prepare
Registering precompiled user dll's ...
Registered in 0.001421 seconds.
Begin MonoManager ReloadAssembly
Native extension for WindowsStandalone target not found
Refreshing native plugins compatible for Editor in 0.57 ms, found 1 plugins.
Preloading 0 native plugins for Editor in 0.00 ms.
Invoked RoslynAnalysisRunner static constructor.
RoslynAnalysisRunner will not be running.
RoslynAnalysisRunner has terminated.
Mono: successfully reloaded assembly
- Completed reload, in  1.017 seconds
Platform modules already initialized, skipping
Refreshing native plugins compatible for Editor in 0.42 ms, found 1 plugins.
Preloading 0 native plugins for Editor in 0.00 ms.
Unloading 1805 Unused Serialized files (Serialized files now loaded: 0)
System memory in use before: 88.2 MB.
System memory in use after: 88.2 MB.

Unloading 12 unused Assets to reduce memory usage. Loaded Objects now: 2271.
Total: 2.163700 ms (FindLiveObjects: 0.244300 ms CreateObjectMapping: 0.043800 ms MarkObjects: 1.759200 ms  DeleteObjects: 0.114200 ms)

========================================================================
Received Prepare
Registering precompiled user dll's ...
Registered in 0.001072 seconds.
Begin MonoManager ReloadAssembly
Native extension for WindowsStandalone target not found
Refreshing native plugins compatible for Editor in 0.41 ms, found 1 plugins.
Preloading 0 native plugins for Editor in 0.00 ms.
Invoked RoslynAnalysisRunner static constructor.
RoslynAnalysisRunner will not be running.
RoslynAnalysisRunner has terminated.
Mono: successfully reloaded assembly
- Completed reload, in  0.941 seconds
Platform modules already initialized, skipping
Refreshing native plugins compatible for Editor in 0.73 ms, found 1 plugins.
Preloading 0 native plugins for Editor in 0.00 ms.
Unloading 1805 Unused Serialized files (Serialized files now loaded: 0)
System memory in use before: 88.2 MB.
System memory in use after: 88.2 MB.

Unloading 12 unused Assets to reduce memory usage. Loaded Objects now: 2275.
Total: 2.159000 ms (FindLiveObjects: 0.266500 ms CreateObjectMapping: 0.044200 ms MarkObjects: 1.727900 ms  DeleteObjects: 0.119100 ms)

========================================================================
Received Import Request.
  Time since last request: 138.014567 seconds.
  path: Assets/Scripts/dino.cs
  artifactKey: Guid(e71a95aa96f44544eabd9538ff28b775) Importer(815301076,1909f56bfc062723c751e8b465ee728b)
Start importing Assets/Scripts/dino.cs using Guid(e71a95aa96f44544eabd9538ff28b775) Importer(815301076,1909f56bfc062723c751e8b465ee728b)  -> (artifact id: '2a7374ee0af4323a94390c19c4dafa1f') in 0.005275 seconds
  Import took 0.008254 seconds .

========================================================================
Received Import Request.
  Time since last request: 0.001325 seconds.
  path: Assets/Scripts/dino.cs
  artifactKey: Guid(e71a95aa96f44544eabd9538ff28b775) Importer(815301076,1909f56bfc062723c751e8b465ee728b)
Start importing Assets/Scripts/dino.cs using Guid(e71a95aa96f44544eabd9538ff28b775) Importer(815301076,1909f56bfc062723c751e8b465ee728b)  -> (artifact id: '2a7374ee0af4323a94390c19c4dafa1f') in 0.002766 seconds
  Import took 0.005695 seconds .

========================================================================
Received Prepare
Refreshing native plugins compatible for Editor in 2.04 ms, found 1 plugins.
Preloading 0 native plugins for Editor in 0.00 ms.
Unloading 10 Unused Serialized files (Serialized files now loaded: 0)
System memory in use before: 52.7 MB.
System memory in use after: 52.7 MB.

Unloading 10 unused Assets to reduce memory usage. Loaded Objects now: 2275.
Total: 2.246500 ms (FindLiveObjects: 0.271200 ms CreateObjectMapping: 0.044700 ms MarkObjects: 1.806600 ms  DeleteObjects: 0.122200 ms)

AssetImportWorkerClient::OnTransportError - code=2 error=End of file
